2025-03-02T11:01:55.036+01:00  INFO 7272 --- [SpringApplicationShutdownHook] o.s.b.w.e.tomcat.GracefulShutdown        : Commencing graceful shutdown. Waiting for active requests to complete
2025-03-02T11:01:55.109+01:00  INFO 7272 --- [tomcat-shutdown] o.s.b.w.e.tomcat.GracefulShutdown        : Graceful shutdown complete
2025-03-02T11:01:59.953+01:00  INFO 32288 --- [restartedMain] c.terra_nostra.TerraNostraApplication    : Starting TerraNostraApplication using Java 21.0.5 with PID 32288 (C:\Users\balle\Documents\Proyectos\terra-nostra\terra-nostra\target\classes started by balle in C:\Users\balle\Documents\Proyectos\terra-nostra\terra-nostra)
2025-03-02T11:01:59.959+01:00 DEBUG 32288 --- [restartedMain] c.terra_nostra.TerraNostraApplication    : Running with Spring Boot v3.4.2, Spring v6.2.2
2025-03-02T11:01:59.960+01:00  INFO 32288 --- [restartedMain] c.terra_nostra.TerraNostraApplication    : No active profile set, falling back to 1 default profile: "default"
2025-03-02T11:02:00.061+01:00  INFO 32288 --- [restartedMain] .e.DevToolsPropertyDefaultsPostProcessor : Devtools property defaults active! Set 'spring.devtools.add-properties' to 'false' to disable
2025-03-02T11:02:00.062+01:00  INFO 32288 --- [restartedMain] .e.DevToolsPropertyDefaultsPostProcessor : For additional web related logging consider setting the 'logging.level.web' property to 'DEBUG'
2025-03-02T11:02:01.753+01:00  INFO 32288 --- [restartedMain] o.s.b.w.embedded.tomcat.TomcatWebServer  : Tomcat initialized with port 8080 (http)
2025-03-02T11:02:01.771+01:00  INFO 32288 --- [restartedMain] o.apache.catalina.core.StandardService   : Starting service [Tomcat]
2025-03-02T11:02:01.772+01:00  INFO 32288 --- [restartedMain] o.apache.catalina.core.StandardEngine    : Starting Servlet engine: [Apache Tomcat/10.1.34]
2025-03-02T11:02:02.138+01:00  INFO 32288 --- [restartedMain] org.apache.jasper.servlet.TldScanner     : At least one JAR was scanned for TLDs yet contained no TLDs. Enable debug logging for this logger for a complete list of JARs that were scanned but no TLDs were found in them. Skipping unneeded JARs during scanning can improve startup time and JSP compilation time.
2025-03-02T11:02:02.153+01:00  INFO 32288 --- [restartedMain] o.a.c.c.C.[Tomcat].[localhost].[/]       : Initializing Spring embedded WebApplicationContext
2025-03-02T11:02:02.155+01:00  INFO 32288 --- [restartedMain] w.s.c.ServletWebServerApplicationContext : Root WebApplicationContext: initialization completed in 2090 ms
2025-03-02T11:02:02.347+01:00  WARN 32288 --- [restartedMain] .s.s.UserDetailsServiceAutoConfiguration : 

Using generated security password: f6fafcfc-b7b2-4d9c-974b-72c2f98a7751

This generated password is for development use only. Your security configuration must be updated before running your application in production.

2025-03-02T11:02:02.360+01:00  INFO 32288 --- [restartedMain] r$InitializeUserDetailsManagerConfigurer : Global AuthenticationManager configured with UserDetailsService bean with name inMemoryUserDetailsManager
2025-03-02T11:02:02.509+01:00  INFO 32288 --- [restartedMain] o.s.b.a.w.s.WelcomePageHandlerMapping    : Adding welcome page template: index
2025-03-02T11:02:02.547+01:00  INFO 32288 --- [restartedMain] o.s.v.b.OptionalValidatorFactoryBean     : Failed to set up a Bean Validation provider: jakarta.validation.NoProviderFoundException: Unable to create a Configuration, because no Jakarta Bean Validation provider could be found. Add a provider like Hibernate Validator (RI) to your classpath.
2025-03-02T11:02:02.838+01:00  WARN 32288 --- [restartedMain] o.s.b.d.a.OptionalLiveReloadServer       : Unable to start LiveReload server
2025-03-02T11:02:02.890+01:00  INFO 32288 --- [restartedMain] o.s.b.w.embedded.tomcat.TomcatWebServer  : Tomcat started on port 8080 (http) with context path '/'
2025-03-02T11:02:02.901+01:00  INFO 32288 --- [restartedMain] c.terra_nostra.TerraNostraApplication    : Started TerraNostraApplication in 4.041 seconds (process running for 5.102)
2025-03-02T11:02:04.458+01:00  INFO 32288 --- [http-nio-8080-exec-1] o.a.c.c.C.[Tomcat].[localhost].[/]       : Initializing Spring DispatcherServlet 'dispatcherServlet'
2025-03-02T11:02:04.459+01:00  INFO 32288 --- [http-nio-8080-exec-1] o.s.web.servlet.DispatcherServlet        : Initializing Servlet 'dispatcherServlet'
2025-03-02T11:02:04.461+01:00  INFO 32288 --- [http-nio-8080-exec-1] o.s.web.servlet.DispatcherServlet        : Completed initialization in 2 ms
2025-03-02T11:02:27.421+01:00  INFO 32288 --- [http-nio-8080-exec-9] c.t.controller.AuthController            : 📥 Email recibido: ballesterospereze@gmail.com
2025-03-02T11:02:27.427+01:00  INFO 32288 --- [http-nio-8080-exec-9] c.t.controller.AuthController            : 📥 Contraseña recibida: [PROTEGIDA]
2025-03-02T11:02:27.427+01:00  INFO 32288 --- [http-nio-8080-exec-9] c.t.controller.AuthController            : 🔍 Autenticando usuario...
2025-03-02T11:02:28.884+01:00  WARN 32288 --- [http-nio-8080-exec-9] c.t.controller.AuthController            : ❌ Credenciales incorrectas para el usuario: ballesterospereze@gmail.com
2025-03-02T11:02:34.181+01:00  INFO 32288 --- [http-nio-8080-exec-8] c.t.controller.AuthController            : 📥 Email recibido: ballesterospereze@gmail.com
2025-03-02T11:02:34.182+01:00  INFO 32288 --- [http-nio-8080-exec-8] c.t.controller.AuthController            : 📥 Contraseña recibida: [PROTEGIDA]
2025-03-02T11:02:34.182+01:00  INFO 32288 --- [http-nio-8080-exec-8] c.t.controller.AuthController            : 🔍 Autenticando usuario...
2025-03-02T11:02:34.475+01:00  INFO 32288 --- [http-nio-8080-exec-8] c.t.controller.AuthController            : 🔍 Usuario autenticado correctamente: ballesterospereze@gmail.com
2025-03-02T11:02:34.476+01:00  INFO 32288 --- [http-nio-8080-exec-8] c.t.controller.AuthController            : 🔍 Rol obtenido del usuario autenticado: ROLE_USER
2025-03-02T11:02:34.502+01:00  INFO 32288 --- [http-nio-8080-exec-8] c.t.controller.AuthController            : ✅ Nuevo token generado para el usuario ballesterospereze@gmail.com: eyJhbGciOiJIUzI1NiJ9.eyJzdWIiOiJiYWxsZXN0ZXJvc3BlcmV6ZUBnbWFpbC5jb20iLCJyb2wiOiJST0xFX1VTRVIiLCJpYXQiOjE3NDA5MDk3NTQsImV4cCI6MTc0MDk0NTc1NH0.sx3ysGyPTWveNSaYURNoQ0D8F8ERGnha1SNNDgl6YPI
2025-03-02T11:04:17.816+01:00  INFO 32288 --- [SpringApplicationShutdownHook] o.s.b.w.e.tomcat.GracefulShutdown        : Commencing graceful shutdown. Waiting for active requests to complete
2025-03-02T11:04:17.831+01:00  INFO 32288 --- [tomcat-shutdown] o.s.b.w.e.tomcat.GracefulShutdown        : Graceful shutdown complete
2025-03-02T11:04:36.169+01:00  INFO 12372 --- [restartedMain] c.terra_nostra.TerraNostraApplication    : Starting TerraNostraApplication using Java 21.0.5 with PID 12372 (C:\Users\balle\Documents\Proyectos\terra-nostra\terra-nostra\target\classes started by balle in C:\Users\balle\Documents\Proyectos\terra-nostra\terra-nostra)
2025-03-02T11:04:36.173+01:00 DEBUG 12372 --- [restartedMain] c.terra_nostra.TerraNostraApplication    : Running with Spring Boot v3.4.2, Spring v6.2.2
2025-03-02T11:04:36.174+01:00  INFO 12372 --- [restartedMain] c.terra_nostra.TerraNostraApplication    : No active profile set, falling back to 1 default profile: "default"
2025-03-02T11:04:36.245+01:00  INFO 12372 --- [restartedMain] .e.DevToolsPropertyDefaultsPostProcessor : Devtools property defaults active! Set 'spring.devtools.add-properties' to 'false' to disable
2025-03-02T11:04:36.245+01:00  INFO 12372 --- [restartedMain] .e.DevToolsPropertyDefaultsPostProcessor : For additional web related logging consider setting the 'logging.level.web' property to 'DEBUG'
2025-03-02T11:04:37.837+01:00  INFO 12372 --- [restartedMain] o.s.b.w.embedded.tomcat.TomcatWebServer  : Tomcat initialized with port 8080 (http)
2025-03-02T11:04:37.863+01:00  INFO 12372 --- [restartedMain] o.apache.catalina.core.StandardService   : Starting service [Tomcat]
2025-03-02T11:04:37.863+01:00  INFO 12372 --- [restartedMain] o.apache.catalina.core.StandardEngine    : Starting Servlet engine: [Apache Tomcat/10.1.34]
2025-03-02T11:04:38.126+01:00  INFO 12372 --- [restartedMain] org.apache.jasper.servlet.TldScanner     : At least one JAR was scanned for TLDs yet contained no TLDs. Enable debug logging for this logger for a complete list of JARs that were scanned but no TLDs were found in them. Skipping unneeded JARs during scanning can improve startup time and JSP compilation time.
2025-03-02T11:04:38.147+01:00  INFO 12372 --- [restartedMain] o.a.c.c.C.[Tomcat].[localhost].[/]       : Initializing Spring embedded WebApplicationContext
2025-03-02T11:04:38.147+01:00  INFO 12372 --- [restartedMain] w.s.c.ServletWebServerApplicationContext : Root WebApplicationContext: initialization completed in 1902 ms
2025-03-02T11:04:38.311+01:00  WARN 12372 --- [restartedMain] .s.s.UserDetailsServiceAutoConfiguration : 

Using generated security password: bfffdf37-eb8b-469a-b357-09ec1f7a69b4

This generated password is for development use only. Your security configuration must be updated before running your application in production.

2025-03-02T11:04:38.320+01:00  INFO 12372 --- [restartedMain] r$InitializeUserDetailsManagerConfigurer : Global AuthenticationManager configured with UserDetailsService bean with name inMemoryUserDetailsManager
2025-03-02T11:04:38.478+01:00  INFO 12372 --- [restartedMain] o.s.b.a.w.s.WelcomePageHandlerMapping    : Adding welcome page template: index
2025-03-02T11:04:38.523+01:00  INFO 12372 --- [restartedMain] o.s.v.b.OptionalValidatorFactoryBean     : Failed to set up a Bean Validation provider: jakarta.validation.NoProviderFoundException: Unable to create a Configuration, because no Jakarta Bean Validation provider could be found. Add a provider like Hibernate Validator (RI) to your classpath.
2025-03-02T11:04:38.850+01:00  WARN 12372 --- [restartedMain] o.s.b.d.a.OptionalLiveReloadServer       : Unable to start LiveReload server
2025-03-02T11:04:38.906+01:00  INFO 12372 --- [restartedMain] o.s.b.w.embedded.tomcat.TomcatWebServer  : Tomcat started on port 8080 (http) with context path '/'
2025-03-02T11:04:38.915+01:00  INFO 12372 --- [restartedMain] c.terra_nostra.TerraNostraApplication    : Started TerraNostraApplication in 3.406 seconds (process running for 4.302)
2025-03-02T11:04:41.203+01:00  INFO 12372 --- [http-nio-8080-exec-1] o.a.c.c.C.[Tomcat].[localhost].[/]       : Initializing Spring DispatcherServlet 'dispatcherServlet'
2025-03-02T11:04:41.204+01:00  INFO 12372 --- [http-nio-8080-exec-1] o.s.web.servlet.DispatcherServlet        : Initializing Servlet 'dispatcherServlet'
2025-03-02T11:04:41.208+01:00  INFO 12372 --- [http-nio-8080-exec-1] o.s.web.servlet.DispatcherServlet        : Completed initialization in 3 ms
2025-03-02T11:05:17.262+01:00  INFO 12372 --- [http-nio-8080-exec-7] c.t.controller.AuthController            : 📥 Email recibido: ballesterospereze@gmail.com
2025-03-02T11:05:17.269+01:00  INFO 12372 --- [http-nio-8080-exec-7] c.t.controller.AuthController            : 📥 Contraseña recibida: [PROTEGIDA]
2025-03-02T11:05:17.269+01:00  INFO 12372 --- [http-nio-8080-exec-7] c.t.controller.AuthController            : 🔍 Autenticando usuario...
2025-03-02T11:05:17.846+01:00  INFO 12372 --- [http-nio-8080-exec-7] c.t.controller.AuthController            : 🔍 Usuario autenticado correctamente: ballesterospereze@gmail.com
2025-03-02T11:05:17.846+01:00  INFO 12372 --- [http-nio-8080-exec-7] c.t.controller.AuthController            : 🔍 Rol obtenido del usuario autenticado: ROLE_USER
2025-03-02T11:05:17.874+01:00  INFO 12372 --- [http-nio-8080-exec-7] c.t.controller.AuthController            : ✅ Nuevo token generado para el usuario ballesterospereze@gmail.com: eyJhbGciOiJIUzI1NiJ9.eyJzdWIiOiJiYWxsZXN0ZXJvc3BlcmV6ZUBnbWFpbC5jb20iLCJleHAiOjE3NDA5NDU5MTd9.qP_K5MTrrLcHTsWBZ-RuVVIItAHqoIgSFvt_qar9Xhk
2025-03-02T11:12:41.249+01:00  INFO 12372 --- [SpringApplicationShutdownHook] o.s.b.w.e.tomcat.GracefulShutdown        : Commencing graceful shutdown. Waiting for active requests to complete
2025-03-02T11:12:41.270+01:00  INFO 12372 --- [tomcat-shutdown] o.s.b.w.e.tomcat.GracefulShutdown        : Graceful shutdown complete
2025-03-02T11:12:48.376+01:00  INFO 10876 --- [restartedMain] c.terra_nostra.TerraNostraApplication    : Starting TerraNostraApplication using Java 21.0.5 with PID 10876 (C:\Users\balle\Documents\Proyectos\terra-nostra\terra-nostra\target\classes started by balle in C:\Users\balle\Documents\Proyectos\terra-nostra\terra-nostra)
2025-03-02T11:12:48.380+01:00 DEBUG 10876 --- [restartedMain] c.terra_nostra.TerraNostraApplication    : Running with Spring Boot v3.4.2, Spring v6.2.2
2025-03-02T11:12:48.382+01:00  INFO 10876 --- [restartedMain] c.terra_nostra.TerraNostraApplication    : No active profile set, falling back to 1 default profile: "default"
2025-03-02T11:12:48.478+01:00  INFO 10876 --- [restartedMain] .e.DevToolsPropertyDefaultsPostProcessor : Devtools property defaults active! Set 'spring.devtools.add-properties' to 'false' to disable
2025-03-02T11:12:48.479+01:00  INFO 10876 --- [restartedMain] .e.DevToolsPropertyDefaultsPostProcessor : For additional web related logging consider setting the 'logging.level.web' property to 'DEBUG'
2025-03-02T11:12:50.445+01:00  INFO 10876 --- [restartedMain] o.s.b.w.embedded.tomcat.TomcatWebServer  : Tomcat initialized with port 8080 (http)
2025-03-02T11:12:50.463+01:00  INFO 10876 --- [restartedMain] o.apache.catalina.core.StandardService   : Starting service [Tomcat]
2025-03-02T11:12:50.463+01:00  INFO 10876 --- [restartedMain] o.apache.catalina.core.StandardEngine    : Starting Servlet engine: [Apache Tomcat/10.1.34]
2025-03-02T11:12:50.724+01:00  INFO 10876 --- [restartedMain] org.apache.jasper.servlet.TldScanner     : At least one JAR was scanned for TLDs yet contained no TLDs. Enable debug logging for this logger for a complete list of JARs that were scanned but no TLDs were found in them. Skipping unneeded JARs during scanning can improve startup time and JSP compilation time.
2025-03-02T11:12:50.743+01:00  INFO 10876 --- [restartedMain] o.a.c.c.C.[Tomcat].[localhost].[/]       : Initializing Spring embedded WebApplicationContext
2025-03-02T11:12:50.743+01:00  INFO 10876 --- [restartedMain] w.s.c.ServletWebServerApplicationContext : Root WebApplicationContext: initialization completed in 2264 ms
2025-03-02T11:12:50.921+01:00  WARN 10876 --- [restartedMain] .s.s.UserDetailsServiceAutoConfiguration : 

Using generated security password: 426075f6-cfa5-4841-b446-65d8a2dcafdc

This generated password is for development use only. Your security configuration must be updated before running your application in production.

2025-03-02T11:12:50.929+01:00  INFO 10876 --- [restartedMain] r$InitializeUserDetailsManagerConfigurer : Global AuthenticationManager configured with UserDetailsService bean with name inMemoryUserDetailsManager
2025-03-02T11:12:51.098+01:00  INFO 10876 --- [restartedMain] o.s.b.a.w.s.WelcomePageHandlerMapping    : Adding welcome page template: index
2025-03-02T11:12:51.143+01:00  INFO 10876 --- [restartedMain] o.s.v.b.OptionalValidatorFactoryBean     : Failed to set up a Bean Validation provider: jakarta.validation.NoProviderFoundException: Unable to create a Configuration, because no Jakarta Bean Validation provider could be found. Add a provider like Hibernate Validator (RI) to your classpath.
2025-03-02T11:12:51.512+01:00  WARN 10876 --- [restartedMain] o.s.b.d.a.OptionalLiveReloadServer       : Unable to start LiveReload server
2025-03-02T11:12:51.579+01:00  INFO 10876 --- [restartedMain] o.s.b.w.embedded.tomcat.TomcatWebServer  : Tomcat started on port 8080 (http) with context path '/'
2025-03-02T11:12:51.592+01:00  INFO 10876 --- [restartedMain] c.terra_nostra.TerraNostraApplication    : Started TerraNostraApplication in 4.202 seconds (process running for 5.256)
2025-03-02T11:12:51.749+01:00  INFO 10876 --- [http-nio-8080-exec-1] o.a.c.c.C.[Tomcat].[localhost].[/]       : Initializing Spring DispatcherServlet 'dispatcherServlet'
2025-03-02T11:12:51.749+01:00  INFO 10876 --- [http-nio-8080-exec-1] o.s.web.servlet.DispatcherServlet        : Initializing Servlet 'dispatcherServlet'
2025-03-02T11:12:51.750+01:00  INFO 10876 --- [http-nio-8080-exec-1] o.s.web.servlet.DispatcherServlet        : Completed initialization in 1 ms
2025-03-02T11:13:08.501+01:00  INFO 10876 --- [http-nio-8080-exec-8] c.t.controller.AuthController            : 📥 Email recibido: ballesterospereze@gmail.com
2025-03-02T11:13:08.507+01:00  INFO 10876 --- [http-nio-8080-exec-8] c.t.controller.AuthController            : 📥 Contraseña recibida: [PROTEGIDA]
2025-03-02T11:13:08.507+01:00  INFO 10876 --- [http-nio-8080-exec-8] c.t.controller.AuthController            : 🔍 Autenticando usuario...
2025-03-02T11:13:09.155+01:00  WARN 10876 --- [http-nio-8080-exec-8] c.t.controller.AuthController            : ❌ Credenciales incorrectas para el usuario: ballesterospereze@gmail.com
2025-03-02T11:13:18.128+01:00  INFO 10876 --- [http-nio-8080-exec-9] c.t.controller.AuthController            : 📥 Email recibido: ballesterospereze@gmail.com
2025-03-02T11:13:18.129+01:00  INFO 10876 --- [http-nio-8080-exec-9] c.t.controller.AuthController            : 📥 Contraseña recibida: [PROTEGIDA]
2025-03-02T11:13:18.129+01:00  INFO 10876 --- [http-nio-8080-exec-9] c.t.controller.AuthController            : 🔍 Autenticando usuario...
2025-03-02T11:13:18.323+01:00  INFO 10876 --- [http-nio-8080-exec-9] c.t.controller.AuthController            : 🔍 Usuario autenticado correctamente: ballesterospereze@gmail.com
2025-03-02T11:13:18.324+01:00  INFO 10876 --- [http-nio-8080-exec-9] c.t.controller.AuthController            : 🎭 Rol obtenido del usuario autenticado: ROLE_USER
2025-03-02T11:13:18.350+01:00  INFO 10876 --- [http-nio-8080-exec-9] c.t.controller.AuthController            : ✅ Nuevo token generado con rol 'ROLE_USER' para el usuario ballesterospereze@gmail.com
2025-03-02T11:15:46.471+01:00  INFO 10876 --- [SpringApplicationShutdownHook] o.s.b.w.e.tomcat.GracefulShutdown        : Commencing graceful shutdown. Waiting for active requests to complete
2025-03-02T11:15:46.488+01:00  INFO 10876 --- [tomcat-shutdown] o.s.b.w.e.tomcat.GracefulShutdown        : Graceful shutdown complete
2025-03-02T11:15:49.905+01:00  INFO 38960 --- [restartedMain] c.terra_nostra.TerraNostraApplication    : Starting TerraNostraApplication using Java 21.0.5 with PID 38960 (C:\Users\balle\Documents\Proyectos\terra-nostra\terra-nostra\target\classes started by balle in C:\Users\balle\Documents\Proyectos\terra-nostra\terra-nostra)
2025-03-02T11:15:49.909+01:00 DEBUG 38960 --- [restartedMain] c.terra_nostra.TerraNostraApplication    : Running with Spring Boot v3.4.2, Spring v6.2.2
2025-03-02T11:15:49.911+01:00  INFO 38960 --- [restartedMain] c.terra_nostra.TerraNostraApplication    : No active profile set, falling back to 1 default profile: "default"
2025-03-02T11:15:50.020+01:00  INFO 38960 --- [restartedMain] .e.DevToolsPropertyDefaultsPostProcessor : Devtools property defaults active! Set 'spring.devtools.add-properties' to 'false' to disable
2025-03-02T11:15:50.020+01:00  INFO 38960 --- [restartedMain] .e.DevToolsPropertyDefaultsPostProcessor : For additional web related logging consider setting the 'logging.level.web' property to 'DEBUG'
2025-03-02T11:15:52.254+01:00  INFO 38960 --- [restartedMain] o.s.b.w.embedded.tomcat.TomcatWebServer  : Tomcat initialized with port 8080 (http)
2025-03-02T11:15:52.280+01:00  INFO 38960 --- [restartedMain] o.apache.catalina.core.StandardService   : Starting service [Tomcat]
2025-03-02T11:15:52.280+01:00  INFO 38960 --- [restartedMain] o.apache.catalina.core.StandardEngine    : Starting Servlet engine: [Apache Tomcat/10.1.34]
2025-03-02T11:15:52.732+01:00  INFO 38960 --- [restartedMain] org.apache.jasper.servlet.TldScanner     : At least one JAR was scanned for TLDs yet contained no TLDs. Enable debug logging for this logger for a complete list of JARs that were scanned but no TLDs were found in them. Skipping unneeded JARs during scanning can improve startup time and JSP compilation time.
2025-03-02T11:15:52.773+01:00  INFO 38960 --- [restartedMain] o.a.c.c.C.[Tomcat].[localhost].[/]       : Initializing Spring embedded WebApplicationContext
2025-03-02T11:15:52.774+01:00  INFO 38960 --- [restartedMain] w.s.c.ServletWebServerApplicationContext : Root WebApplicationContext: initialization completed in 2753 ms
2025-03-02T11:15:53.054+01:00  WARN 38960 --- [restartedMain] .s.s.UserDetailsServiceAutoConfiguration : 

Using generated security password: 54b257d0-717f-4b25-8e4a-266f018b412b

This generated password is for development use only. Your security configuration must be updated before running your application in production.

2025-03-02T11:15:53.078+01:00  INFO 38960 --- [restartedMain] r$InitializeUserDetailsManagerConfigurer : Global AuthenticationManager configured with UserDetailsService bean with name inMemoryUserDetailsManager
2025-03-02T11:15:53.269+01:00  INFO 38960 --- [restartedMain] o.s.b.a.w.s.WelcomePageHandlerMapping    : Adding welcome page template: index
2025-03-02T11:15:53.324+01:00  INFO 38960 --- [restartedMain] o.s.v.b.OptionalValidatorFactoryBean     : Failed to set up a Bean Validation provider: jakarta.validation.NoProviderFoundException: Unable to create a Configuration, because no Jakarta Bean Validation provider could be found. Add a provider like Hibernate Validator (RI) to your classpath.
2025-03-02T11:15:53.702+01:00  WARN 38960 --- [restartedMain] o.s.b.d.a.OptionalLiveReloadServer       : Unable to start LiveReload server
2025-03-02T11:15:53.765+01:00  INFO 38960 --- [restartedMain] o.s.b.w.embedded.tomcat.TomcatWebServer  : Tomcat started on port 8080 (http) with context path '/'
2025-03-02T11:15:53.776+01:00  INFO 38960 --- [restartedMain] c.terra_nostra.TerraNostraApplication    : Started TerraNostraApplication in 4.769 seconds (process running for 5.794)
2025-03-02T11:15:53.887+01:00  INFO 38960 --- [http-nio-8080-exec-2] o.a.c.c.C.[Tomcat].[localhost].[/]       : Initializing Spring DispatcherServlet 'dispatcherServlet'
2025-03-02T11:15:53.888+01:00  INFO 38960 --- [http-nio-8080-exec-2] o.s.web.servlet.DispatcherServlet        : Initializing Servlet 'dispatcherServlet'
2025-03-02T11:15:53.890+01:00  INFO 38960 --- [http-nio-8080-exec-2] o.s.web.servlet.DispatcherServlet        : Completed initialization in 2 ms
2025-03-02T11:16:09.122+01:00  INFO 38960 --- [http-nio-8080-exec-9] c.t.controller.AuthController            : 📥 Email recibido: ballesterospereze@gmail.com
2025-03-02T11:16:09.127+01:00  INFO 38960 --- [http-nio-8080-exec-9] c.t.controller.AuthController            : 📥 Contraseña recibida: [PROTEGIDA]
2025-03-02T11:16:09.127+01:00  INFO 38960 --- [http-nio-8080-exec-9] c.t.controller.AuthController            : 🔍 Autenticando usuario...
2025-03-02T11:16:10.477+01:00  INFO 38960 --- [http-nio-8080-exec-9] c.t.controller.AuthController            : 🔍 Usuario autenticado correctamente: ballesterospereze@gmail.com
2025-03-02T11:16:10.478+01:00  INFO 38960 --- [http-nio-8080-exec-9] c.t.controller.AuthController            : 🎭 Rol obtenido del usuario autenticado: null
2025-03-02T11:16:10.513+01:00  INFO 38960 --- [http-nio-8080-exec-9] c.t.controller.AuthController            : ✅ Nuevo token generado con rol 'null' para el usuario ballesterospereze@gmail.com
2025-03-02T11:22:25.490+01:00  INFO 38960 --- [SpringApplicationShutdownHook] o.s.b.w.e.tomcat.GracefulShutdown        : Commencing graceful shutdown. Waiting for active requests to complete
2025-03-02T11:22:25.504+01:00  INFO 38960 --- [tomcat-shutdown] o.s.b.w.e.tomcat.GracefulShutdown        : Graceful shutdown complete
2025-03-02T11:22:28.936+01:00  INFO 13896 --- [restartedMain] c.terra_nostra.TerraNostraApplication    : Starting TerraNostraApplication using Java 21.0.5 with PID 13896 (C:\Users\balle\Documents\Proyectos\terra-nostra\terra-nostra\target\classes started by balle in C:\Users\balle\Documents\Proyectos\terra-nostra\terra-nostra)
2025-03-02T11:22:28.940+01:00 DEBUG 13896 --- [restartedMain] c.terra_nostra.TerraNostraApplication    : Running with Spring Boot v3.4.2, Spring v6.2.2
2025-03-02T11:22:28.942+01:00  INFO 13896 --- [restartedMain] c.terra_nostra.TerraNostraApplication    : No active profile set, falling back to 1 default profile: "default"
2025-03-02T11:22:29.062+01:00  INFO 13896 --- [restartedMain] .e.DevToolsPropertyDefaultsPostProcessor : Devtools property defaults active! Set 'spring.devtools.add-properties' to 'false' to disable
2025-03-02T11:22:29.062+01:00  INFO 13896 --- [restartedMain] .e.DevToolsPropertyDefaultsPostProcessor : For additional web related logging consider setting the 'logging.level.web' property to 'DEBUG'
2025-03-02T11:22:31.461+01:00  INFO 13896 --- [restartedMain] o.s.b.w.embedded.tomcat.TomcatWebServer  : Tomcat initialized with port 8080 (http)
2025-03-02T11:22:31.489+01:00  INFO 13896 --- [restartedMain] o.apache.catalina.core.StandardService   : Starting service [Tomcat]
2025-03-02T11:22:31.490+01:00  INFO 13896 --- [restartedMain] o.apache.catalina.core.StandardEngine    : Starting Servlet engine: [Apache Tomcat/10.1.34]
2025-03-02T11:22:31.894+01:00  INFO 13896 --- [restartedMain] org.apache.jasper.servlet.TldScanner     : At least one JAR was scanned for TLDs yet contained no TLDs. Enable debug logging for this logger for a complete list of JARs that were scanned but no TLDs were found in them. Skipping unneeded JARs during scanning can improve startup time and JSP compilation time.
2025-03-02T11:22:31.918+01:00  INFO 13896 --- [restartedMain] o.a.c.c.C.[Tomcat].[localhost].[/]       : Initializing Spring embedded WebApplicationContext
2025-03-02T11:22:31.918+01:00  INFO 13896 --- [restartedMain] w.s.c.ServletWebServerApplicationContext : Root WebApplicationContext: initialization completed in 2855 ms
2025-03-02T11:22:32.203+01:00  WARN 13896 --- [restartedMain] .s.s.UserDetailsServiceAutoConfiguration : 

Using generated security password: 4b41cf1d-569e-4a8f-8013-2a9474392d69

This generated password is for development use only. Your security configuration must be updated before running your application in production.

2025-03-02T11:22:32.219+01:00  INFO 13896 --- [restartedMain] r$InitializeUserDetailsManagerConfigurer : Global AuthenticationManager configured with UserDetailsService bean with name inMemoryUserDetailsManager
2025-03-02T11:22:32.400+01:00  INFO 13896 --- [restartedMain] o.s.b.a.w.s.WelcomePageHandlerMapping    : Adding welcome page template: index
2025-03-02T11:22:32.459+01:00  INFO 13896 --- [restartedMain] o.s.v.b.OptionalValidatorFactoryBean     : Failed to set up a Bean Validation provider: jakarta.validation.NoProviderFoundException: Unable to create a Configuration, because no Jakarta Bean Validation provider could be found. Add a provider like Hibernate Validator (RI) to your classpath.
2025-03-02T11:22:32.896+01:00  WARN 13896 --- [restartedMain] o.s.b.d.a.OptionalLiveReloadServer       : Unable to start LiveReload server
2025-03-02T11:22:32.967+01:00  INFO 13896 --- [restartedMain] o.s.b.w.embedded.tomcat.TomcatWebServer  : Tomcat started on port 8080 (http) with context path '/'
2025-03-02T11:22:32.982+01:00  INFO 13896 --- [restartedMain] c.terra_nostra.TerraNostraApplication    : Started TerraNostraApplication in 4.999 seconds (process running for 5.935)
2025-03-02T11:22:37.684+01:00  INFO 13896 --- [http-nio-8080-exec-1] o.a.c.c.C.[Tomcat].[localhost].[/]       : Initializing Spring DispatcherServlet 'dispatcherServlet'
2025-03-02T11:22:37.685+01:00  INFO 13896 --- [http-nio-8080-exec-1] o.s.web.servlet.DispatcherServlet        : Initializing Servlet 'dispatcherServlet'
2025-03-02T11:22:37.687+01:00  INFO 13896 --- [http-nio-8080-exec-1] o.s.web.servlet.DispatcherServlet        : Completed initialization in 2 ms
2025-03-02T11:22:49.099+01:00  INFO 13896 --- [http-nio-8080-exec-9] c.t.controller.AuthController            : 📥 Email recibido: ballesterospereze@gmail.com
2025-03-02T11:22:49.105+01:00  INFO 13896 --- [http-nio-8080-exec-9] c.t.controller.AuthController            : 📥 Contraseña recibida: [PROTEGIDA]
2025-03-02T11:22:49.105+01:00  INFO 13896 --- [http-nio-8080-exec-9] c.t.controller.AuthController            : 🔍 Autenticando usuario...
2025-03-02T11:22:50.507+01:00  INFO 13896 --- [http-nio-8080-exec-9] c.t.controller.AuthController            : 🔍 Usuario autenticado correctamente: ballesterospereze@gmail.com
2025-03-02T11:22:50.507+01:00  INFO 13896 --- [http-nio-8080-exec-9] c.t.controller.AuthController            : 🎭 Rol obtenido del usuario autenticado: null
2025-03-02T11:22:50.595+01:00  INFO 13896 --- [http-nio-8080-exec-9] c.t.controller.AuthController            : ✅ Nuevo token generado con rol 'null' para el usuario ballesterospereze@gmail.com
2025-03-02T11:26:37.945+01:00  INFO 13896 --- [http-nio-8080-exec-3] c.t.controller.AuthController            : 📥 Email recibido: ballesterospereze@gmail.com
2025-03-02T11:26:37.945+01:00  INFO 13896 --- [http-nio-8080-exec-3] c.t.controller.AuthController            : 📥 Contraseña recibida: [PROTEGIDA]
2025-03-02T11:26:37.946+01:00  INFO 13896 --- [http-nio-8080-exec-3] c.t.controller.AuthController            : 🔍 Autenticando usuario...
2025-03-02T11:26:38.882+01:00  INFO 13896 --- [http-nio-8080-exec-3] c.t.controller.AuthController            : 🔍 Usuario autenticado correctamente: ballesterospereze@gmail.com
2025-03-02T11:26:38.883+01:00  INFO 13896 --- [http-nio-8080-exec-3] c.t.controller.AuthController            : 🎭 Rol obtenido del usuario autenticado: null
2025-03-02T11:26:38.887+01:00  INFO 13896 --- [http-nio-8080-exec-3] c.t.controller.AuthController            : ✅ Nuevo token generado con rol 'null' para el usuario ballesterospereze@gmail.com
2025-03-02T11:29:49.821+01:00  INFO 13896 --- [SpringApplicationShutdownHook] o.s.b.w.e.tomcat.GracefulShutdown        : Commencing graceful shutdown. Waiting for active requests to complete
2025-03-02T11:29:49.831+01:00  INFO 13896 --- [tomcat-shutdown] o.s.b.w.e.tomcat.GracefulShutdown        : Graceful shutdown complete
2025-03-02T11:29:52.713+01:00  INFO 21836 --- [restartedMain] c.terra_nostra.TerraNostraApplication    : Starting TerraNostraApplication using Java 21.0.5 with PID 21836 (C:\Users\balle\Documents\Proyectos\terra-nostra\terra-nostra\target\classes started by balle in C:\Users\balle\Documents\Proyectos\terra-nostra\terra-nostra)
2025-03-02T11:29:52.718+01:00 DEBUG 21836 --- [restartedMain] c.terra_nostra.TerraNostraApplication    : Running with Spring Boot v3.4.2, Spring v6.2.2
2025-03-02T11:29:52.719+01:00  INFO 21836 --- [restartedMain] c.terra_nostra.TerraNostraApplication    : No active profile set, falling back to 1 default profile: "default"
2025-03-02T11:29:52.786+01:00  INFO 21836 --- [restartedMain] .e.DevToolsPropertyDefaultsPostProcessor : Devtools property defaults active! Set 'spring.devtools.add-properties' to 'false' to disable
2025-03-02T11:29:52.787+01:00  INFO 21836 --- [restartedMain] .e.DevToolsPropertyDefaultsPostProcessor : For additional web related logging consider setting the 'logging.level.web' property to 'DEBUG'
2025-03-02T11:29:54.389+01:00  INFO 21836 --- [restartedMain] o.s.b.w.embedded.tomcat.TomcatWebServer  : Tomcat initialized with port 8080 (http)
2025-03-02T11:29:54.408+01:00  INFO 21836 --- [restartedMain] o.apache.catalina.core.StandardService   : Starting service [Tomcat]
2025-03-02T11:29:54.409+01:00  INFO 21836 --- [restartedMain] o.apache.catalina.core.StandardEngine    : Starting Servlet engine: [Apache Tomcat/10.1.34]
2025-03-02T11:29:54.710+01:00  INFO 21836 --- [restartedMain] org.apache.jasper.servlet.TldScanner     : At least one JAR was scanned for TLDs yet contained no TLDs. Enable debug logging for this logger for a complete list of JARs that were scanned but no TLDs were found in them. Skipping unneeded JARs during scanning can improve startup time and JSP compilation time.
2025-03-02T11:29:54.735+01:00  INFO 21836 --- [restartedMain] o.a.c.c.C.[Tomcat].[localhost].[/]       : Initializing Spring embedded WebApplicationContext
2025-03-02T11:29:54.737+01:00  INFO 21836 --- [restartedMain] w.s.c.ServletWebServerApplicationContext : Root WebApplicationContext: initialization completed in 1950 ms
2025-03-02T11:29:54.937+01:00  WARN 21836 --- [restartedMain] .s.s.UserDetailsServiceAutoConfiguration : 

Using generated security password: ec150874-d57b-4d6d-aa8f-222e4bf7a1fe

This generated password is for development use only. Your security configuration must be updated before running your application in production.

2025-03-02T11:29:54.947+01:00  INFO 21836 --- [restartedMain] r$InitializeUserDetailsManagerConfigurer : Global AuthenticationManager configured with UserDetailsService bean with name inMemoryUserDetailsManager
2025-03-02T11:29:55.110+01:00  INFO 21836 --- [restartedMain] o.s.b.a.w.s.WelcomePageHandlerMapping    : Adding welcome page template: index
2025-03-02T11:29:55.154+01:00  INFO 21836 --- [restartedMain] o.s.v.b.OptionalValidatorFactoryBean     : Failed to set up a Bean Validation provider: jakarta.validation.NoProviderFoundException: Unable to create a Configuration, because no Jakarta Bean Validation provider could be found. Add a provider like Hibernate Validator (RI) to your classpath.
2025-03-02T11:29:55.483+01:00  WARN 21836 --- [restartedMain] o.s.b.d.a.OptionalLiveReloadServer       : Unable to start LiveReload server
2025-03-02T11:29:55.535+01:00  INFO 21836 --- [restartedMain] o.s.b.w.embedded.tomcat.TomcatWebServer  : Tomcat started on port 8080 (http) with context path '/'
2025-03-02T11:29:55.549+01:00  INFO 21836 --- [restartedMain] c.terra_nostra.TerraNostraApplication    : Started TerraNostraApplication in 3.549 seconds (process running for 4.55)
2025-03-02T11:29:59.665+01:00  INFO 21836 --- [http-nio-8080-exec-1] o.a.c.c.C.[Tomcat].[localhost].[/]       : Initializing Spring DispatcherServlet 'dispatcherServlet'
2025-03-02T11:29:59.666+01:00  INFO 21836 --- [http-nio-8080-exec-1] o.s.web.servlet.DispatcherServlet        : Initializing Servlet 'dispatcherServlet'
2025-03-02T11:29:59.669+01:00  INFO 21836 --- [http-nio-8080-exec-1] o.s.web.servlet.DispatcherServlet        : Completed initialization in 3 ms
2025-03-02T11:30:24.008+01:00  INFO 21836 --- [http-nio-8080-exec-8] c.t.controller.AuthController            : 📥 Email recibido: ballesterospereze@gmail.com
2025-03-02T11:30:24.013+01:00  INFO 21836 --- [http-nio-8080-exec-8] c.t.controller.AuthController            : 📥 Contraseña recibida: [PROTEGIDA]
2025-03-02T11:30:24.013+01:00  INFO 21836 --- [http-nio-8080-exec-8] c.t.controller.AuthController            : 🔍 Autenticando usuario...
2025-03-02T11:30:25.369+01:00  INFO 21836 --- [http-nio-8080-exec-8] c.t.controller.AuthController            : 🔍 Usuario autenticado correctamente: ballesterospereze@gmail.com
2025-03-02T11:30:25.371+01:00  INFO 21836 --- [http-nio-8080-exec-8] c.t.controller.AuthController            : 🎭 Rol obtenido del usuario autenticado: null
2025-03-02T11:30:25.426+01:00  INFO 21836 --- [http-nio-8080-exec-8] c.t.controller.AuthController            : ✅ Nuevo token generado con rol 'null' para el usuario ballesterospereze@gmail.com
2025-03-02T11:33:32.809+01:00  INFO 21836 --- [SpringApplicationShutdownHook] o.s.b.w.e.tomcat.GracefulShutdown        : Commencing graceful shutdown. Waiting for active requests to complete
2025-03-02T11:33:32.816+01:00  INFO 21836 --- [tomcat-shutdown] o.s.b.w.e.tomcat.GracefulShutdown        : Graceful shutdown complete
